SF:C:\Proyecto_AlfLab\AlfLab.Api.Application\Security\EncryptionHelper.cs
FN:11,System.String AlfLab.Api.Infrastructure.Security.EncryptionHelper::Encrypt(System.String)
FNDA:4,System.String AlfLab.Api.Infrastructure.Security.EncryptionHelper::Encrypt(System.String)
DA:12,4
DA:13,4
DA:15,4
DA:16,4
DA:17,4
DA:19,4
DA:20,4
DA:21,4
DA:22,4
DA:23,4
DA:24,4
DA:25,4
DA:28,4
DA:29,4
DA:31,4
DA:32,4
DA:33,4
DA:34,4
DA:35,4
DA:36,4
DA:37,4
DA:38,4
DA:39,4
DA:40,4
DA:41,4
DA:42,4
BRDA:13,9,0,0
BRDA:13,9,1,4
FN:44,System.String AlfLab.Api.Infrastructure.Security.EncryptionHelper::Decrypt(System.String)
FNDA:2,System.String AlfLab.Api.Infrastructure.Security.EncryptionHelper::Decrypt(System.String)
DA:45,2
DA:46,2
DA:48,2
DA:49,0
DA:52,2
DA:53,2
DA:54,2
DA:55,2
DA:57,2
DA:58,2
DA:59,2
DA:60,2
DA:61,2
DA:62,2
DA:63,2
DA:65,2
DA:66,2
DA:68,2
DA:69,2
DA:70,2
DA:71,2
DA:72,2
DA:73,2
DA:74,2
DA:75,2
DA:76,2
DA:77,2
DA:78,2
DA:80,0
DA:81,0
DA:82,0
DA:84,2
BRDA:46,9,0,0
BRDA:46,9,1,2
BRDA:48,29,0,0
BRDA:48,42,0,0
BRDA:48,29,1,2
BRDA:48,42,1,2
BRDA:48,63,0,0
BRDA:48,63,1,2
FN:7,System.Void AlfLab.Api.Infrastructure.Security.EncryptionHelper::.cctor()
FNDA:1,System.Void AlfLab.Api.Infrastructure.Security.EncryptionHelper::.cctor()
DA:8,1
DA:9,1
LF:60
LH:56
BRF:10
BRH:5
FNF:3
FNH:3
end_of_record
SF:C:\Proyecto_AlfLab\AlfLab.Api.Application\dtos\responses\ProductoDto.cs
FN:6,System.Int32 AlfLab.Api.Application.dtos.ProductoDto::get_Id()
FNDA:0,System.Int32 AlfLab.Api.Application.dtos.ProductoDto::get_Id()
DA:7,0
FN:7,System.String AlfLab.Api.Application.dtos.ProductoDto::get_Nombre()
FNDA:0,System.String AlfLab.Api.Application.dtos.ProductoDto::get_Nombre()
DA:8,0
FN:8,System.Int32 AlfLab.Api.Application.dtos.ProductoDto::get_CantidadStock()
FNDA:0,System.Int32 AlfLab.Api.Application.dtos.ProductoDto::get_CantidadStock()
DA:9,0
LF:3
LH:0
BRF:0
BRH:0
FNF:3
FNH:0
end_of_record
SF:C:\Proyecto_AlfLab\AlfLab.Api.Application\dtos\requests\CrearProductoRequestsDto.cs
FN:5,System.String AlfLab.Api.Application.dtos.requests.CrearProductoRequestDto::get_Nombre()
FNDA:0,System.String AlfLab.Api.Application.dtos.requests.CrearProductoRequestDto::get_Nombre()
DA:6,0
FN:6,System.String AlfLab.Api.Application.dtos.requests.CrearProductoRequestDto::get_CodigoLaboratorio()
FNDA:0,System.String AlfLab.Api.Application.dtos.requests.CrearProductoRequestDto::get_CodigoLaboratorio()
DA:7,0
FN:7,System.String AlfLab.Api.Application.dtos.requests.CrearProductoRequestDto::get_Categoria()
FNDA:0,System.String AlfLab.Api.Application.dtos.requests.CrearProductoRequestDto::get_Categoria()
DA:8,0
FN:8,System.Int32 AlfLab.Api.Application.dtos.requests.CrearProductoRequestDto::get_CantidadStock()
FNDA:0,System.Int32 AlfLab.Api.Application.dtos.requests.CrearProductoRequestDto::get_CantidadStock()
DA:9,0
LF:4
LH:0
BRF:0
BRH:0
FNF:4
FNH:0
end_of_record
SF:C:\Proyecto_AlfLab\AlfLab.Api.Application\dtos\requests\LoginRequestDto.cs
FN:4,System.String AlfLab.Api.Application.dtos.requests.LoginRequestDto::get_Correo()
FNDA:4,System.String AlfLab.Api.Application.dtos.requests.LoginRequestDto::get_Correo()
DA:5,4
FN:5,System.String AlfLab.Api.Application.dtos.requests.LoginRequestDto::get_Password()
FNDA:4,System.String AlfLab.Api.Application.dtos.requests.LoginRequestDto::get_Password()
DA:6,4
LF:2
LH:2
BRF:0
BRH:0
FNF:2
FNH:2
end_of_record
SF:C:\Proyecto_AlfLab\AlfLab.Api.Application\dtos\requests\RegistroUsuarioRequestDto.cs
FN:4,System.String AlfLab.Api.Application.dtos.requests.RegistroUsuarioRequestDto::get_NombreCompleto()
FNDA:4,System.String AlfLab.Api.Application.dtos.requests.RegistroUsuarioRequestDto::get_NombreCompleto()
DA:5,4
FN:5,System.String AlfLab.Api.Application.dtos.requests.RegistroUsuarioRequestDto::get_Correo()
FNDA:5,System.String AlfLab.Api.Application.dtos.requests.RegistroUsuarioRequestDto::get_Correo()
DA:6,5
FN:6,System.String AlfLab.Api.Application.dtos.requests.RegistroUsuarioRequestDto::get_Password()
FNDA:4,System.String AlfLab.Api.Application.dtos.requests.RegistroUsuarioRequestDto::get_Password()
DA:7,4
LF:3
LH:3
BRF:0
BRH:0
FNF:3
FNH:3
end_of_record
SF:C:\Proyecto_AlfLab\Alflab.Api\Program.cs
FN:111,System.Void Program::.ctor()
FNDA:0,System.Void Program::.ctor()
DA:112,0
FN:11,System.Void Program/<<Main>$>d__0::MoveNext()
FNDA:1,System.Void Program/<<Main>$>d__0::MoveNext()
DA:12,1
DA:16,1
DA:17,0
DA:18,0
DA:20,0
DA:21,0
DA:22,0
DA:23,0
DA:24,0
DA:25,0
DA:28,1
DA:29,1
DA:32,1
DA:33,1
DA:34,1
DA:35,1
DA:36,1
DA:37,1
DA:38,1
DA:39,1
DA:40,1
DA:41,1
DA:42,1
DA:43,1
DA:44,1
DA:45,1
DA:46,2
DA:49,1
DA:50,1
DA:51,1
DA:52,1
DA:53,1
DA:54,1
DA:55,1
DA:56,1
DA:57,1
DA:58,1
DA:59,2
DA:60,2
DA:63,1
DA:64,1
DA:67,1
DA:68,0
DA:69,0
DA:70,0
DA:71,0
DA:72,0
DA:73,0
DA:74,0
DA:75,0
DA:76,0
DA:77,0
DA:78,0
DA:79,0
DA:80,0
DA:81,0
DA:82,0
DA:83,0
DA:84,0
DA:85,0
DA:86,0
DA:87,0
DA:88,0
DA:89,1
DA:91,1
DA:93,1
DA:94,0
DA:95,0
DA:96,0
DA:97,0
DA:99,1
DA:100,1
DA:103,1
DA:104,1
DA:106,1
DA:108,1
BRDA:16,83,0,0
BRDA:18,130,0,0
BRDA:18,130,1,0
BRDA:16,83,1,1
BRDA:32,269,0,0
BRDA:32,269,1,1
BRDA:93,527,0,0
BRDA:93,527,1,1
LF:77
LH:43
BRF:8
BRH:3
FNF:2
FNH:1
end_of_record
SF:C:\Proyecto_AlfLab\Alflab.Api\Controllers\AuthController.cs
FN:86,System.String AlfLab.Api.Controllers.AuthController::GenerarJwtToken(AlfLab.Api.Domain.Entities.Usuario)
FNDA:1,System.String AlfLab.Api.Controllers.AuthController::GenerarJwtToken(AlfLab.Api.Domain.Entities.Usuario)
DA:87,1
DA:89,1
DA:90,1
DA:91,1
DA:94,1
DA:95,1
DA:96,1
DA:97,1
DA:98,1
DA:99,1
DA:101,1
DA:102,1
DA:103,1
DA:104,1
DA:105,1
DA:106,1
DA:107,1
DA:109,1
DA:110,1
BRDA:89,18,0,0
BRDA:89,18,1,1
FN:112,System.String AlfLab.Api.Controllers.AuthController::GenerarRefreshToken()
FNDA:1,System.String AlfLab.Api.Controllers.AuthController::GenerarRefreshToken()
DA:113,1
DA:114,1
DA:115,1
DA:116,1
DA:117,1
DA:118,1
FN:21,System.Void AlfLab.Api.Controllers.AuthController::.ctor(AlfLab.Api.Application.Interfaces.IUsuarioRepository,Microsoft.Extensions.Configuration.IConfiguration)
FNDA:2,System.Void AlfLab.Api.Controllers.AuthController::.ctor(AlfLab.Api.Application.Interfaces.IUsuarioRepository,Microsoft.Extensions.Configuration.IConfiguration)
DA:22,2
DA:23,2
DA:24,2
DA:25,2
DA:26,2
FN:56,System.Void AlfLab.Api.Controllers.AuthController/<Login>d__4::MoveNext()
FNDA:1,System.Void AlfLab.Api.Controllers.AuthController/<Login>d__4::MoveNext()
DA:57,1
DA:58,1
DA:59,1
DA:60,0
DA:62,1
DA:63,1
DA:64,0
DA:66,1
DA:69,1
DA:72,1
DA:73,1
DA:74,1
DA:77,1
DA:78,1
DA:79,1
DA:80,1
DA:81,1
DA:82,1
DA:83,1
BRDA:59,180,0,0
BRDA:59,180,1,1
BRDA:63,257,0,0
BRDA:63,257,1,1
FN:29,System.Void AlfLab.Api.Controllers.AuthController/<Registrar>d__3::MoveNext()
FNDA:1,System.Void AlfLab.Api.Controllers.AuthController/<Registrar>d__3::MoveNext()
DA:30,1
DA:32,1
DA:33,1
DA:34,0
DA:37,1
DA:40,1
DA:41,1
DA:42,1
DA:43,1
DA:44,1
DA:45,1
DA:46,1
DA:49,1
DA:51,1
DA:52,1
BRDA:33,180,0,0
BRDA:33,180,1,1
LF:64
LH:61
BRF:8
BRH:4
FNF:5
FNH:5
end_of_record
SF:C:\Proyecto_AlfLab\Alflab.Api\Controllers\ProductosController.cs
FN:14,System.Void AlfLab.Api.Controllers.ProductosController::.ctor(AlfLab.Api.Application.Interfaces.IProductoRepository)
FNDA:0,System.Void AlfLab.Api.Controllers.ProductosController::.ctor(AlfLab.Api.Application.Interfaces.IProductoRepository)
DA:15,0
DA:16,0
DA:17,0
DA:18,0
FN:27,System.Void AlfLab.Api.Controllers.ProductosController/<CrearProducto>d__3::MoveNext()
FNDA:0,System.Void AlfLab.Api.Controllers.ProductosController/<CrearProducto>d__3::MoveNext()
DA:28,0
DA:30,0
DA:31,0
DA:32,0
DA:33,0
DA:34,0
DA:35,0
DA:36,0
DA:38,0
DA:40,0
DA:41,0
FN:21,System.Void AlfLab.Api.Controllers.ProductosController/<ObtenerInventario>d__2::MoveNext()
FNDA:0,System.Void AlfLab.Api.Controllers.ProductosController/<ObtenerInventario>d__2::MoveNext()
DA:22,0
DA:23,0
DA:24,0
DA:25,0
LF:19
LH:0
BRF:0
BRH:0
FNF:3
FNH:0
end_of_record
SF:C:\Proyecto_AlfLab\AlfLab.Api.Domain\Entities\Producto.cs
FN:4,System.Int32 AlfLab.Api.Domain.Entities.Producto::get_Id()
FNDA:0,System.Int32 AlfLab.Api.Domain.Entities.Producto::get_Id()
DA:5,0
FN:5,System.String AlfLab.Api.Domain.Entities.Producto::get_Nombre()
FNDA:0,System.String AlfLab.Api.Domain.Entities.Producto::get_Nombre()
DA:6,0
FN:6,System.String AlfLab.Api.Domain.Entities.Producto::get_CodigoLaboratorio()
FNDA:0,System.String AlfLab.Api.Domain.Entities.Producto::get_CodigoLaboratorio()
DA:7,0
FN:7,System.String AlfLab.Api.Domain.Entities.Producto::get_Categoria()
FNDA:0,System.String AlfLab.Api.Domain.Entities.Producto::get_Categoria()
DA:8,0
FN:8,System.Int32 AlfLab.Api.Domain.Entities.Producto::get_CantidadStock()
FNDA:0,System.Int32 AlfLab.Api.Domain.Entities.Producto::get_CantidadStock()
DA:9,0
LF:5
LH:0
BRF:0
BRH:0
FNF:5
FNH:0
end_of_record
SF:C:\Proyecto_AlfLab\AlfLab.Api.Domain\Entities\Usuario.cs
FN:4,System.Int32 AlfLab.Api.Domain.Entities.Usuario::get_Id()
FNDA:1,System.Int32 AlfLab.Api.Domain.Entities.Usuario::get_Id()
DA:5,1
FN:5,System.String AlfLab.Api.Domain.Entities.Usuario::get_NombreCompleto()
FNDA:1,System.String AlfLab.Api.Domain.Entities.Usuario::get_NombreCompleto()
DA:6,1
FN:6,System.String AlfLab.Api.Domain.Entities.Usuario::get_Correo()
FNDA:2,System.String AlfLab.Api.Domain.Entities.Usuario::get_Correo()
DA:7,2
FN:7,System.String AlfLab.Api.Domain.Entities.Usuario::get_PasswordHash()
FNDA:2,System.String AlfLab.Api.Domain.Entities.Usuario::get_PasswordHash()
DA:8,2
FN:8,System.String AlfLab.Api.Domain.Entities.Usuario::get_Rol()
FNDA:4,System.String AlfLab.Api.Domain.Entities.Usuario::get_Rol()
DA:9,4
FN:12,System.String AlfLab.Api.Domain.Entities.Usuario::get_RefreshToken()
FNDA:1,System.String AlfLab.Api.Domain.Entities.Usuario::get_RefreshToken()
DA:13,1
FN:13,System.Nullable`1<System.DateTime> AlfLab.Api.Domain.Entities.Usuario::get_RefreshTokenExpiryTime()
FNDA:1,System.Nullable`1<System.DateTime> AlfLab.Api.Domain.Entities.Usuario::get_RefreshTokenExpiryTime()
DA:14,1
LF:7
LH:7
BRF:0
BRH:0
FNF:7
FNH:7
end_of_record
SF:C:\Proyecto_AlfLab\AlfLab.Api.Infrastructure\Repositories\ProductoRepository.cs
FN:15,System.Void AlfLab.Api.Infrastructure.Repositories.ProductoRepository::.ctor(AlfLab.Api.Infrastructure.Contexts.ApplicationDbContext)
FNDA:0,System.Void AlfLab.Api.Infrastructure.Repositories.ProductoRepository::.ctor(AlfLab.Api.Infrastructure.Contexts.ApplicationDbContext)
DA:16,0
DA:17,0
DA:18,0
DA:19,0
FN:33,System.Void AlfLab.Api.Infrastructure.Repositories.ProductoRepository/<AgregarAsync>d__4::MoveNext()
FNDA:0,System.Void AlfLab.Api.Infrastructure.Repositories.ProductoRepository/<AgregarAsync>d__4::MoveNext()
DA:34,0
DA:35,0
DA:36,0
DA:37,0
FN:27,System.Void AlfLab.Api.Infrastructure.Repositories.ProductoRepository/<ObtenerPorIdAsync>d__3::MoveNext()
FNDA:0,System.Void AlfLab.Api.Infrastructure.Repositories.ProductoRepository/<ObtenerPorIdAsync>d__3::MoveNext()
DA:28,0
DA:30,0
DA:31,0
FN:21,System.Void AlfLab.Api.Infrastructure.Repositories.ProductoRepository/<ObtenerTodosAsync>d__2::MoveNext()
FNDA:0,System.Void AlfLab.Api.Infrastructure.Repositories.ProductoRepository/<ObtenerTodosAsync>d__2::MoveNext()
DA:22,0
DA:24,0
DA:25,0
LF:14
LH:0
BRF:0
BRH:0
FNF:4
FNH:0
end_of_record
SF:C:\Proyecto_AlfLab\AlfLab.Api.Infrastructure\Repositories\UsuarioRepository.cs
FN:11,System.Void AlfLab.Api.Infrastructure.Repositories.UsuarioRepository::.ctor(AlfLab.Api.Infrastructure.Contexts.ApplicationDbContext)
FNDA:2,System.Void AlfLab.Api.Infrastructure.Repositories.UsuarioRepository::.ctor(AlfLab.Api.Infrastructure.Contexts.ApplicationDbContext)
DA:12,2
DA:13,2
DA:14,2
DA:15,2
FN:30,System.Void AlfLab.Api.Infrastructure.Repositories.UsuarioRepository/<ActualizarAsync>d__4::MoveNext()
FNDA:1,System.Void AlfLab.Api.Infrastructure.Repositories.UsuarioRepository/<ActualizarAsync>d__4::MoveNext()
DA:31,1
DA:32,1
DA:33,1
DA:34,1
FN:23,System.Void AlfLab.Api.Infrastructure.Repositories.UsuarioRepository/<AgregarAsync>d__3::MoveNext()
FNDA:1,System.Void AlfLab.Api.Infrastructure.Repositories.UsuarioRepository/<AgregarAsync>d__3::MoveNext()
DA:24,1
DA:25,1
DA:26,1
DA:27,1
FN:17,System.Void AlfLab.Api.Infrastructure.Repositories.UsuarioRepository/<ObtenerPorCorreoAsync>d__2::MoveNext()
FNDA:2,System.Void AlfLab.Api.Infrastructure.Repositories.UsuarioRepository/<ObtenerPorCorreoAsync>d__2::MoveNext()
DA:18,2
DA:20,2
DA:21,2
LF:15
LH:15
BRF:0
BRH:0
FNF:4
FNH:4
end_of_record
SF:C:\Proyecto_AlfLab\AlfLab.Api.Infrastructure\Migrations\20260317051203_Inicial.cs
FN:12,System.Void AlfLab.Api.Infrastructure.Migrations.Inicial::Up(Microsoft.EntityFrameworkCore.Migrations.MigrationBuilder)
FNDA:0,System.Void AlfLab.Api.Infrastructure.Migrations.Inicial::Up(Microsoft.EntityFrameworkCore.Migrations.MigrationBuilder)
DA:13,0
DA:14,0
DA:15,0
DA:17,0
DA:18,0
DA:19,0
DA:20,0
DA:21,0
DA:22,0
DA:23,0
DA:24,0
DA:25,0
DA:26,0
DA:27,0
DA:28,0
DA:29,0
DA:30,0
DA:31,0
DA:32,0
DA:33,0
DA:34,0
DA:35,0
DA:36,0
FN:39,System.Void AlfLab.Api.Infrastructure.Migrations.Inicial::Down(Microsoft.EntityFrameworkCore.Migrations.MigrationBuilder)
FNDA:0,System.Void AlfLab.Api.Infrastructure.Migrations.Inicial::Down(Microsoft.EntityFrameworkCore.Migrations.MigrationBuilder)
DA:40,0
DA:41,0
DA:42,0
DA:43,0
LF:27
LH:0
BRF:0
BRH:0
FNF:2
FNH:0
end_of_record
SF:C:\Proyecto_AlfLab\AlfLab.Api.Infrastructure\Migrations\20260317051203_Inicial.Designer.cs
FN:18,System.Void AlfLab.Api.Infrastructure.Migrations.Inicial::BuildTargetModel(Microsoft.EntityFrameworkCore.ModelBuilder)
FNDA:0,System.Void AlfLab.Api.Infrastructure.Migrations.Inicial::BuildTargetModel(Microsoft.EntityFrameworkCore.ModelBuilder)
DA:19,0
DA:21,0
DA:22,0
DA:23,0
DA:25,0
DA:27,0
DA:28,0
DA:29,0
DA:30,0
DA:31,0
DA:32,0
DA:33,0
DA:34,0
DA:35,0
DA:36,0
DA:37,0
DA:38,0
DA:39,0
DA:40,0
DA:41,0
DA:42,0
DA:43,0
DA:44,0
DA:45,0
DA:46,0
DA:47,0
DA:48,0
DA:49,0
DA:50,0
DA:51,0
DA:52,0
DA:53,0
DA:55,0
LF:33
LH:0
BRF:0
BRH:0
FNF:1
FNH:0
end_of_record
SF:C:\Proyecto_AlfLab\AlfLab.Api.Infrastructure\Migrations\20260317054304_TablaUsuarios.cs
FN:12,System.Void AlfLab.Api.Infrastructure.Migrations.TablaUsuarios::Up(Microsoft.EntityFrameworkCore.Migrations.MigrationBuilder)
FNDA:0,System.Void AlfLab.Api.Infrastructure.Migrations.TablaUsuarios::Up(Microsoft.EntityFrameworkCore.Migrations.MigrationBuilder)
DA:13,0
DA:14,0
DA:15,0
DA:16,0
DA:17,0
DA:18,0
DA:19,0
DA:20,0
DA:21,0
DA:22,0
DA:23,0
DA:24,0
DA:25,0
DA:26,0
DA:27,0
DA:28,0
DA:29,0
DA:30,0
DA:31,0
DA:32,0
DA:33,0
DA:34,0
FN:37,System.Void AlfLab.Api.Infrastructure.Migrations.TablaUsuarios::Down(Microsoft.EntityFrameworkCore.Migrations.MigrationBuilder)
FNDA:0,System.Void AlfLab.Api.Infrastructure.Migrations.TablaUsuarios::Down(Microsoft.EntityFrameworkCore.Migrations.MigrationBuilder)
DA:38,0
DA:39,0
DA:40,0
DA:41,0
LF:26
LH:0
BRF:0
BRH:0
FNF:2
FNH:0
end_of_record
SF:C:\Proyecto_AlfLab\AlfLab.Api.Infrastructure\Migrations\20260317054304_TablaUsuarios.Designer.cs
FN:18,System.Void AlfLab.Api.Infrastructure.Migrations.TablaUsuarios::BuildTargetModel(Microsoft.EntityFrameworkCore.ModelBuilder)
FNDA:0,System.Void AlfLab.Api.Infrastructure.Migrations.TablaUsuarios::BuildTargetModel(Microsoft.EntityFrameworkCore.ModelBuilder)
DA:19,0
DA:21,0
DA:22,0
DA:23,0
DA:25,0
DA:27,0
DA:28,0
DA:29,0
DA:30,0
DA:31,0
DA:32,0
DA:33,0
DA:34,0
DA:35,0
DA:36,0
DA:37,0
DA:38,0
DA:39,0
DA:40,0
DA:41,0
DA:42,0
DA:43,0
DA:44,0
DA:45,0
DA:46,0
DA:47,0
DA:48,0
DA:49,0
DA:50,0
DA:51,0
DA:52,0
DA:53,0
DA:55,0
DA:56,0
DA:57,0
DA:58,0
DA:59,0
DA:60,0
DA:61,0
DA:62,0
DA:63,0
DA:64,0
DA:65,0
DA:66,0
DA:67,0
DA:68,0
DA:69,0
DA:70,0
DA:71,0
DA:72,0
DA:73,0
DA:74,0
DA:75,0
DA:76,0
DA:77,0
DA:78,0
DA:79,0
DA:80,0
DA:81,0
DA:82,0
DA:84,0
LF:61
LH:0
BRF:0
BRH:0
FNF:1
FNH:0
end_of_record
SF:C:\Proyecto_AlfLab\AlfLab.Api.Infrastructure\Migrations\20260319152200_AgregarRefreshToken.cs
FN:12,System.Void AlfLab.Api.Infrastructure.Migrations.AgregarRefreshToken::Up(Microsoft.EntityFrameworkCore.Migrations.MigrationBuilder)
FNDA:0,System.Void AlfLab.Api.Infrastructure.Migrations.AgregarRefreshToken::Up(Microsoft.EntityFrameworkCore.Migrations.MigrationBuilder)
DA:13,0
DA:14,0
DA:15,0
DA:16,0
DA:17,0
DA:18,0
DA:19,0
DA:21,0
DA:22,0
DA:23,0
DA:24,0
DA:25,0
DA:26,0
FN:29,System.Void AlfLab.Api.Infrastructure.Migrations.AgregarRefreshToken::Down(Microsoft.EntityFrameworkCore.Migrations.MigrationBuilder)
FNDA:0,System.Void AlfLab.Api.Infrastructure.Migrations.AgregarRefreshToken::Down(Microsoft.EntityFrameworkCore.Migrations.MigrationBuilder)
DA:30,0
DA:31,0
DA:32,0
DA:33,0
DA:35,0
DA:36,0
DA:37,0
DA:38,0
LF:21
LH:0
BRF:0
BRH:0
FNF:2
FNH:0
end_of_record
SF:C:\Proyecto_AlfLab\AlfLab.Api.Infrastructure\Migrations\20260319152200_AgregarRefreshToken.Designer.cs
FN:19,System.Void AlfLab.Api.Infrastructure.Migrations.AgregarRefreshToken::BuildTargetModel(Microsoft.EntityFrameworkCore.ModelBuilder)
FNDA:0,System.Void AlfLab.Api.Infrastructure.Migrations.AgregarRefreshToken::BuildTargetModel(Microsoft.EntityFrameworkCore.ModelBuilder)
DA:20,0
DA:22,0
DA:23,0
DA:24,0
DA:26,0
DA:28,0
DA:29,0
DA:30,0
DA:31,0
DA:32,0
DA:33,0
DA:34,0
DA:35,0
DA:36,0
DA:37,0
DA:38,0
DA:39,0
DA:40,0
DA:41,0
DA:42,0
DA:43,0
DA:44,0
DA:45,0
DA:46,0
DA:47,0
DA:48,0
DA:49,0
DA:50,0
DA:51,0
DA:52,0
DA:53,0
DA:54,0
DA:56,0
DA:57,0
DA:58,0
DA:59,0
DA:60,0
DA:61,0
DA:62,0
DA:63,0
DA:64,0
DA:65,0
DA:66,0
DA:67,0
DA:68,0
DA:69,0
DA:70,0
DA:71,0
DA:72,0
DA:73,0
DA:74,0
DA:75,0
DA:76,0
DA:77,0
DA:78,0
DA:79,0
DA:80,0
DA:81,0
DA:82,0
DA:83,0
DA:84,0
DA:85,0
DA:86,0
DA:87,0
DA:88,0
DA:89,0
DA:91,0
LF:67
LH:0
BRF:0
BRH:0
FNF:1
FNH:0
end_of_record
SF:C:\Proyecto_AlfLab\AlfLab.Api.Infrastructure\Migrations\ApplicationDbContextModelSnapshot.cs
FN:16,System.Void AlfLab.Api.Infrastructure.Migrations.ApplicationDbContextModelSnapshot::BuildModel(Microsoft.EntityFrameworkCore.ModelBuilder)
FNDA:0,System.Void AlfLab.Api.Infrastructure.Migrations.ApplicationDbContextModelSnapshot::BuildModel(Microsoft.EntityFrameworkCore.ModelBuilder)
DA:17,0
DA:19,0
DA:20,0
DA:21,0
DA:23,0
DA:25,0
DA:26,0
DA:27,0
DA:28,0
DA:29,0
DA:30,0
DA:31,0
DA:32,0
DA:33,0
DA:34,0
DA:35,0
DA:36,0
DA:37,0
DA:38,0
DA:39,0
DA:40,0
DA:41,0
DA:42,0
DA:43,0
DA:44,0
DA:45,0
DA:46,0
DA:47,0
DA:48,0
DA:49,0
DA:50,0
DA:51,0
DA:53,0
DA:54,0
DA:55,0
DA:56,0
DA:57,0
DA:58,0
DA:59,0
DA:60,0
DA:61,0
DA:62,0
DA:63,0
DA:64,0
DA:65,0
DA:66,0
DA:67,0
DA:68,0
DA:69,0
DA:70,0
DA:71,0
DA:72,0
DA:73,0
DA:74,0
DA:75,0
DA:76,0
DA:77,0
DA:78,0
DA:79,0
DA:80,0
DA:81,0
DA:82,0
DA:83,0
DA:84,0
DA:85,0
DA:86,0
DA:88,0
LF:67
LH:0
BRF:0
BRH:0
FNF:1
FNH:0
end_of_record
SF:C:\Proyecto_AlfLab\AlfLab.Api.Infrastructure\Context\ApplicationContext.cs
FN:15,Microsoft.EntityFrameworkCore.DbSet`1<AlfLab.Api.Domain.Entities.Producto> AlfLab.Api.Infrastructure.Contexts.ApplicationDbContext::get_Productos()
FNDA:3,Microsoft.EntityFrameworkCore.DbSet`1<AlfLab.Api.Domain.Entities.Producto> AlfLab.Api.Infrastructure.Contexts.ApplicationDbContext::get_Productos()
DA:16,3
FN:18,Microsoft.EntityFrameworkCore.DbSet`1<AlfLab.Api.Domain.Entities.Usuario> AlfLab.Api.Infrastructure.Contexts.ApplicationDbContext::get_Usuarios()
FNDA:7,Microsoft.EntityFrameworkCore.DbSet`1<AlfLab.Api.Domain.Entities.Usuario> AlfLab.Api.Infrastructure.Contexts.ApplicationDbContext::get_Usuarios()
DA:19,7
FN:22,System.Void AlfLab.Api.Infrastructure.Contexts.ApplicationDbContext::OnModelCreating(Microsoft.EntityFrameworkCore.ModelBuilder)
FNDA:1,System.Void AlfLab.Api.Infrastructure.Contexts.ApplicationDbContext::OnModelCreating(Microsoft.EntityFrameworkCore.ModelBuilder)
DA:23,1
DA:24,1
DA:27,1
DA:28,1
DA:29,1
DA:30,1
DA:31,1
DA:32,1
DA:35,1
DA:36,1
DA:37,1
DA:38,1
DA:39,1
DA:40,1
DA:41,1
FN:9,System.Void AlfLab.Api.Infrastructure.Contexts.ApplicationDbContext::.ctor(Microsoft.EntityFrameworkCore.DbContextOptions`1<AlfLab.Api.Infrastructure.Contexts.ApplicationDbContext>)
FNDA:3,System.Void AlfLab.Api.Infrastructure.Contexts.ApplicationDbContext::.ctor(Microsoft.EntityFrameworkCore.DbContextOptions`1<AlfLab.Api.Infrastructure.Contexts.ApplicationDbContext>)
DA:10,3
DA:11,3
DA:12,3
LF:20
LH:20
BRF:0
BRH:0
FNF:4
FNH:4
end_of_record